[28Feb2025 00:02:01.624] [Server thread/INFO] [net.minecraft.server.MinecraftServer/]: M5T1 has made the advancement [Sky of Beginning]
[28Feb2025 00:03:00.558] [Server thread/INFO] [net.minecraft.server.MinecraftServer/]: LORY_CT has made the advancement [Voluntary Exile]
[28Feb2025 00:03:27.224] [Server thread/INFO] [net.minecraft.server.MinecraftServer/]: [MadaraUchiha2909: Teleported MadaraUchiha2909 to -24.500000, -12.500000, -0.500000]
[28Feb2025 00:05:36.915] [Server thread/INFO] [net.minecraft.server.MinecraftServer/]: LORY_CT has made the advancement [We Need to Go Deeper]
[28Feb2025 00:05:40.741] [Server thread/WARN] [net.minecraft.world.level.storage.loot.LootTable/]: Tried to over-fill a container
[28Feb2025 00:05:48.024] [Server thread/INFO] [net.minecraft.server.MinecraftServer/]: M5T1 has made the advancement [We Need to Go Deeper]
[28Feb2025 00:06:41.358] [Server thread/INFO] [net.minecraft.server.MinecraftServer/]: [MadaraUchiha2909: Teleported MadaraUchiha2909 to -24.500000, -12.500000, -0.500000]
[28Feb2025 00:06:43.480] [Worker-Main-3/WARN] [net.minecraft.world.entity.ai.attributes.AttributeMap/]: Ignoring unknown attribute 'reach-entity-attributes:reach'
[28Feb2025 00:06:43.481] [Worker-Main-3/WARN] [net.minecraft.world.entity.ai.attributes.AttributeMap/]: Ignoring unknown attribute 'reach-entity-attributes:reach'
[28Feb2025 00:06:43.481] [Worker-Main-3/WARN] [net.minecraft.world.entity.ai.attributes.AttributeMap/]: Ignoring unknown attribute 'reach-entity-attributes:reach'
[28Feb2025 00:06:43.543] [Worker-Main-2/WARN] [net.minecraft.world.entity.ai.attributes.AttributeMap/]: Ignoring unknown attribute 'reach-entity-attributes:reach'
[28Feb2025 00:06:48.484] [Worker-Main-1/WARN] [net.minecraft.world.entity.ai.attributes.AttributeMap/]: Ignoring unknown attribute 'reach-entity-attributes:reach'
[28Feb2025 00:06:48.513] [Worker-Main-2/WARN] [net.minecraft.world.entity.ai.attributes.AttributeMap/]: Ignoring unknown attribute 'reach-entity-attributes:reach'
[28Feb2025 00:06:48.513] [Worker-Main-2/WARN] [net.minecraft.world.entity.ai.attributes.AttributeMap/]: Ignoring unknown attribute 'reach-entity-attributes:reach'
[28Feb2025 00:06:48.514] [Worker-Main-2/WARN] [net.minecraft.world.entity.ai.attributes.AttributeMap/]: Ignoring unknown attribute 'reach-entity-attributes:reach'
[28Feb2025 00:06:48.514] [Worker-Main-2/WARN] [net.minecraft.world.entity.ai.attributes.AttributeMap/]: Ignoring unknown attribute 'reach-entity-attributes:reach'
[28Feb2025 00:06:48.556] [Worker-Main-2/WARN] [net.minecraft.world.entity.ai.attributes.AttributeMap/]: Ignoring unknown attribute 'reach-entity-attributes:reach'
[28Feb2025 00:06:48.563] [Worker-Main-2/WARN] [net.minecraft.world.entity.ai.attributes.AttributeMap/]: Ignoring unknown attribute 'reach-entity-attributes:reach'
[28Feb2025 00:06:48.564] [Worker-Main-2/WARN] [net.minecraft.world.entity.ai.attributes.AttributeMap/]: Ignoring unknown attribute 'reach-entity-attributes:reach'
[28Feb2025 00:06:48.623] [Worker-Main-1/WARN] [net.minecraft.world.entity.ai.attributes.AttributeMap/]: Ignoring unknown attribute 'reach-entity-attributes:reach'
[28Feb2025 00:06:48.624] [Worker-Main-1/WARN] [net.minecraft.world.entity.ai.attributes.AttributeMap/]: Ignoring unknown attribute 'reach-entity-attributes:reach'
[28Feb2025 00:06:48.624] [Worker-Main-1/WARN] [net.minecraft.world.entity.ai.attributes.AttributeMap/]: Ignoring unknown attribute 'reach-entity-attributes:reach'
[28Feb2025 00:07:22.211] [Worker-Main-1/WARN] [net.minecraft.world.entity.ai.attributes.AttributeMap/]: Ignoring unknown attribute 'reach-entity-attributes:reach'
[28Feb2025 00:07:26.865] [Worker-Main-2/WARN] [net.minecraft.world.entity.ai.attributes.AttributeMap/]: Ignoring unknown attribute 'reach-entity-attributes:reach'
[28Feb2025 00:07:26.868] [Worker-Main-2/WARN] [net.minecraft.world.entity.ai.attributes.AttributeMap/]: Ignoring unknown attribute 'reach-entity-attributes:reach'
[28Feb2025 00:07:26.886] [Worker-Main-3/WARN] [net.minecraft.world.entity.ai.attributes.AttributeMap/]: Ignoring unknown attribute 'reach-entity-attributes:reach'
[28Feb2025 00:08:41.608] [Server thread/INFO] [net.minecraft.server.MinecraftServer/]: [MadaraUchiha2909: Teleported LORY_CT to MadaraUchiha2909]
[28Feb2025 00:09:05.805] [Server thread/INFO] [net.minecraft.server.MinecraftServer/]: LORY_CT has made the advancement [Penteconter]
[28Feb2025 00:12:18.653] [Server thread/INFO] [net.minecraft.server.MinecraftServer/]: LORY_CT has made the advancement [Sneak 100]
[28Feb2025 00:13:57.202] [Worker-Main-2/WARN] [net.minecraft.world.entity.ai.attributes.AttributeMap/]: Ignoring unknown attribute 'reach-entity-attributes:reach'
[28Feb2025 00:13:57.202] [Worker-Main-2/WARN] [net.minecraft.world.entity.ai.attributes.AttributeMap/]: Ignoring unknown attribute 'reach-entity-attributes:reach'
[28Feb2025 00:13:57.203] [Worker-Main-2/WARN] [net.minecraft.world.entity.ai.attributes.AttributeMap/]: Ignoring unknown attribute 'reach-entity-attributes:reach'
[28Feb2025 00:13:57.203] [Worker-Main-2/WARN] [net.minecraft.world.entity.ai.attributes.AttributeMap/]: Ignoring unknown attribute 'reach-entity-attributes:reach'
[28Feb2025 00:13:57.210] [Worker-Main-2/WARN] [net.minecraft.world.entity.ai.attributes.AttributeMap/]: Ignoring unknown attribute 'reach-entity-attributes:reach'
[28Feb2025 00:13:57.211] [Worker-Main-2/WARN] [net.minecraft.world.entity.ai.attributes.AttributeMap/]: Ignoring unknown attribute 'reach-entity-attributes:reach'
[28Feb2025 00:13:57.211] [Worker-Main-2/WARN] [net.minecraft.world.entity.ai.attributes.AttributeMap/]: Ignoring unknown attribute 'reach-entity-attributes:reach'
[28Feb2025 00:13:57.211] [Worker-Main-2/WARN] [net.minecraft.world.entity.ai.attributes.AttributeMap/]: Ignoring unknown attribute 'reach-entity-attributes:reach'
[28Feb2025 00:13:57.211] [Worker-Main-2/WARN] [net.minecraft.world.entity.ai.attributes.AttributeMap/]: Ignoring unknown attribute 'reach-entity-attributes:reach'
[28Feb2025 00:14:58.878] [Server thread/INFO] [net.minecraft.server.MinecraftServer/]: MadaraUchiha2909 has made the advancement [Alex's Caves]
[28Feb2025 00:15:19.282] [Server thread/INFO] [net.minecraft.server.MinecraftServer/]: LORY_CT has made the advancement [Alex's Caves]
[28Feb2025 00:15:24.779] [Server thread/INFO] [net.minecraft.server.MinecraftServer/]: MadaraUchiha2909 has made the advancement [Once Upon a Cave]
[28Feb2025 00:15:40.339] [Server thread/INFO] [net.minecraft.server.MinecraftServer/]: LORY_CT has made the advancement [It Belongs in a Museum]
[28Feb2025 00:22:08.916] [Worker-Main-1/WARN] [net.minecraft.world.entity.ai.attributes.AttributeMap/]: Ignoring unknown attribute 'reach-entity-attributes:reach'
[28Feb2025 00:22:08.917] [Worker-Main-1/WARN] [net.minecraft.world.entity.ai.attributes.AttributeMap/]: Ignoring unknown attribute 'reach-entity-attributes:reach'
[28Feb2025 00:22:08.917] [Worker-Main-1/WARN] [net.minecraft.world.entity.ai.attributes.AttributeMap/]: Ignoring unknown attribute 'reach-entity-attributes:reach'
[28Feb2025 00:22:08.925] [Worker-Main-2/WARN] [net.minecraft.world.entity.ai.attributes.AttributeMap/]: Ignoring unknown attribute 'reach-entity-attributes:reach'
[28Feb2025 00:22:12.682] [Server thread/INFO] [net.minecraft.server.network.ServerGamePacketListenerImpl/]: M5T1 lost connection: Disconnected
[28Feb2025 00:22:12.682] [Server thread/INFO] [net.minecraft.server.MinecraftServer/]: M5T1 left the game
[28Feb2025 00:23:58.069] [Server thread/INFO] [net.minecraft.server.MinecraftServer/]: [MadaraUchiha2909: Teleported MadaraUchiha2909 to -23.500000, -7.500000, 84.500000]
[28Feb2025 00:25:56.124] [Server thread/INFO] [net.minecraft.server.MinecraftServer/]: [Not Secure] <MadaraUchiha2909> asdw
[28Feb2025 00:26:00.620] [Server thread/INFO] [net.minecraft.server.network.ServerGamePacketListenerImpl/]: LORY_CT lost connection: Timed out
[28Feb2025 00:26:00.620] [Server thread/INFO] [net.minecraft.server.MinecraftServer/]: LORY_CT left the game
[28Feb2025 00:27:04.944] [Server thread/INFO] [net.minecraft.server.players.PlayerList/]: LORY_CT[/172.23.191.210:54265] logged in with entity id 71539 at (-83.06377833375142, -52.0, 91.40105406700013)
[28Feb2025 00:27:04.976] [Server thread/INFO] [net.minecraft.server.MinecraftServer/]: LORY_CT joined the game
[28Feb2025 00:31:01.496] [Server thread/INFO] [net.minecraft.server.MinecraftServer/]: [Not Secure] <MadaraUchiha2909> alo?
[28Feb2025 00:32:10.170] [Server thread/INFO] [net.minecraft.server.network.ServerGamePacketListenerImpl/]: LORY_CT lost connection: Disconnected
[28Feb2025 00:32:10.171] [Server thread/INFO] [net.minecraft.server.MinecraftServer/]: LORY_CT left the game
[28Feb2025 00:32:26.718] [Server thread/INFO] [net.minecraft.server.MinecraftServer/]: [MadaraUchiha2909: Set own game mode to Spectator Mode]
[28Feb2025 00:33:16.071] [Server thread/INFO] [net.minecraft.server.MinecraftServer/]: [MadaraUchiha2909: Set own game mode to Survival Mode]
[28Feb2025 00:33:43.549] [Server thread/INFO] [net.minecraft.server.MinecraftServer/]: [Not Secure] <MadaraUchiha2909> asd
[28Feb2025 00:34:49.572] [Server thread/INFO] [net.minecraft.server.MinecraftServer/]: MadaraUchiha2909 has made the advancement [First Age]
[28Feb2025 00:35:24.623] [Server thread/INFO] [net.minecraft.server.MinecraftServer/]: MadaraUchiha2909 has made the advancement [Deceived Hopes]
[28Feb2025 00:35:53.269] [Server thread/INFO] [net.minecraft.server.MinecraftServer/]: MadaraUchiha2909 was slain by Zombie
[28Feb2025 00:36:08.844] [Server thread/INFO] [net.minecraft.server.MinecraftServer/]: [MadaraUchiha2909: Teleported MadaraUchiha2909 to -73.500000, 83.500000, 311.500000]
[28Feb2025 00:36:14.799] [Server thread/INFO] [net.minecraft.server.MinecraftServer/]: [Not Secure] <MadaraUchiha2909> asdw
[28Feb2025 00:40:18.121] [Server thread/INFO] [net.minecraft.server.MinecraftServer/]: [Not Secure] <MadaraUchiha2909> asdw
[28Feb2025 00:40:49.871] [Server thread/INFO] [net.minecraft.server.network.ServerGamePacketListenerImpl/]: MadaraUchiha2909 lost connection: Timed out
[28Feb2025 00:40:49.872] [Server thread/INFO] [net.minecraft.server.MinecraftServer/]: MadaraUchiha2909 left the game
[28Feb2025 00:41:29.123] [Server thread/INFO] [net.minecraft.server.players.PlayerList/]: MadaraUchiha2909[/172.23.164.249:52272] logged in with entity id 74819 at (-82.25282171151991, 83.0, 317.2871563818873)
[28Feb2025 00:41:29.145] [Server thread/INFO] [net.minecraft.server.MinecraftServer/]: MadaraUchiha2909 joined the game
[28Feb2025 00:41:48.248] [Server thread/INFO] [net.minecraft.server.MinecraftServer/]: [Not Secure] <MadaraUchiha2909> asd
[28Feb2025 00:42:31.722] [Server thread/INFO] [net.minecraft.server.MinecraftServer/]: MadaraUchiha2909 has made the advancement [The Right Suit Makes all the Difference]
[28Feb2025 00:44:16.818] [Server thread/INFO] [net.minecraft.server.network.ServerGamePacketListenerImpl/]: MadaraUchiha2909 lost connection: Disconnected
[28Feb2025 00:44:16.818] [Server thread/INFO] [net.minecraft.server.MinecraftServer/]: MadaraUchiha2909 left the game
[28Feb2025 00:44:21.113] [Server thread/INFO] [net.minecraft.server.MinecraftServer/]: Stopping the server
[28Feb2025 00:44:21.167] [Server thread/INFO] [net.minecraft.server.MinecraftServer/]: Stopping server
[28Feb2025 00:44:21.168] [Server thread/INFO] [net.minecraft.server.MinecraftServer/]: Saving players
[28Feb2025 00:44:21.168] [Server thread/INFO] [net.minecraft.server.MinecraftServer/]: Saving worlds
[28Feb2025 00:44:21.369] [Server thread/INFO] [net.minecraft.server.MinecraftServer/]: Saving chunks for level 'ServerLevel[world]'/minecraft:overworld
[28Feb2025 00:44:21.579] [Server thread/INFO] [net.minecraft.server.MinecraftServer/]: Saving chunks for level 'ServerLevel[world]'/deeperdarker:otherside
[28Feb2025 00:44:21.580] [Server thread/INFO] [net.minecraft.server.MinecraftServer/]: Saving chunks for level 'ServerLevel[world]'/twilightforest:twilight_forest
[28Feb2025 00:44:21.581] [Server thread/INFO] [net.minecraft.server.MinecraftServer/]: Saving chunks for level 'ServerLevel[world]'/graveyard:past
[28Feb2025 00:44:21.582] [Server thread/INFO] [net.minecraft.server.MinecraftServer/]: Saving chunks for level 'ServerLevel[world]'/minecraft:the_end
[28Feb2025 00:44:21.582] [Server thread/INFO] [net.minecraft.server.MinecraftServer/]: Saving chunks for level 'ServerLevel[world]'/minecraft:the_nether
[28Feb2025 00:44:21.770] [Server thread/INFO] [net.minecraft.server.MinecraftServer/]: ThreadedAnvilChunkStorage (world): All chunks are saved
[28Feb2025 00:44:21.770] [Server thread/INFO] [net.minecraft.server.MinecraftServer/]: ThreadedAnvilChunkStorage (otherside): All chunks are saved
[28Feb2025 00:44:21.770] [Server thread/INFO] [net.minecraft.server.MinecraftServer/]: ThreadedAnvilChunkStorage (twilight_forest): All chunks are saved
[28Feb2025 00:44:21.770] [Server thread/INFO] [net.minecraft.server.MinecraftServer/]: ThreadedAnvilChunkStorage (past): All chunks are saved
[28Feb2025 00:44:21.770] [Server thread/INFO] [net.minecraft.server.MinecraftServer/]: ThreadedAnvilChunkStorage (DIM1): All chunks are saved
[28Feb2025 00:44:21.770] [Server thread/INFO] [net.minecraft.server.MinecraftServer/]: ThreadedAnvilChunkStorage (DIM-1): All chunks are saved
[28Feb2025 00:44:21.770] [Server thread/INFO] [net.minecraft.server.MinecraftServer/]: ThreadedAnvilChunkStorage: All dimensions are saved
